2021-10-25 01:22:01,021 - INFO    - keyword:奖号
2021-10-25 01:22:01,073 - INFO    - keyword:遗漏
2021-10-25 01:22:01,074 - INFO    - keyword:期数
2021-10-25 01:22:01,074 - INFO    - keyword:号码
2021-10-25 01:22:01,075 - INFO    - keyword:前区
2021-10-25 01:22:01,075 - INFO    - keyword:大乐透
2021-10-25 01:22:01,076 - INFO    - keyword:轮空
2021-10-25 01:22:01,076 - INFO    - keyword:个数
2021-10-25 01:22:01,077 - INFO    - keyword:热码
2021-10-25 01:22:01,078 - INFO    - keyword:分析
2021-10-25 01:22:01,087 - INFO    - keyword:原作者
2021-10-25 01:22:01,087 - INFO    - keyword:货币
2021-10-25 01:22:01,088 - INFO    - keyword:投资
2021-10-25 01:22:01,088 - INFO    - keyword:上市
2021-10-25 01:22:01,089 - INFO    - keyword:独角兽
2021-10-25 01:22:01,089 - INFO    - keyword:媒体
2021-10-25 01:22:01,090 - INFO    - keyword:脸书
2021-10-25 01:22:01,091 - INFO    - keyword:新闻
2021-10-25 01:22:01,091 - INFO    - keyword:财经
2021-10-25 01:22:01,139 - INFO    - keyword:业绩
2021-10-25 01:22:01,139 - INFO    - keyword:振华
2021-10-25 01:22:01,140 - INFO    - keyword:研报
2021-10-25 01:22:01,141 - INFO    - keyword:科技
2021-10-25 01:22:01,142 - INFO    - keyword:硬核
2021-10-25 01:22:01,143 - INFO    - keyword:华昌
2021-10-25 01:22:01,143 - INFO    - keyword:机构
2021-10-25 01:22:01,144 - INFO    - keyword:净利润
2021-10-25 01:22:01,144 - INFO    - keyword:股价
2021-10-25 01:22:01,145 - INFO    - keyword:估值
2021-10-25 01:22:01,156 - INFO    - keyword:机器人
2021-10-25 01:22:01,157 - INFO    - keyword:无人
2021-10-25 01:22:01,158 - INFO    - keyword:坦克
2021-10-25 01:22:01,158 - INFO    - keyword:战车
2021-10-25 01:22:01,159 - INFO    - keyword:外形
2021-10-25 01:22:01,159 - INFO    - keyword:边境
2021-10-25 01:22:01,160 - INFO    - keyword:俄罗斯
2021-10-25 01:22:01,161 - INFO    - keyword:绍伊古
2021-10-25 01:22:01,161 - INFO    - keyword:装备
2021-10-25 01:22:01,218 - INFO    - keyword:芯片
2021-10-25 01:22:01,222 - INFO    - keyword:半导体
2021-10-25 01:22:01,223 - INFO    - keyword:美国
2021-10-25 01:22:01,224 - INFO    - keyword:台积电
2021-10-25 01:22:01,224 - INFO    - keyword:三星电子
2021-10-25 01:22:01,225 - INFO    - keyword:供应链
2021-10-25 01:22:01,226 - INFO    - keyword:代工
2021-10-25 01:22:01,227 - INFO    - keyword:台积
2021-10-25 01:22:01,228 - INFO    - keyword:英特尔
2021-10-25 01:22:01,229 - INFO    - keyword:三星
2021-10-25 01:22:01,234 - INFO    - keyword:亲王
2021-10-25 01:22:01,235 - INFO    - keyword:英国首相
2021-10-25 01:22:01,237 - INFO    - keyword:责编
2021-10-25 01:22:01,238 - INFO    - keyword:英国女王
2021-10-25 01:22:01,246 - INFO    - keyword:悼念
2021-10-25 01:22:01,252 - INFO    - keyword:女王
2021-10-25 01:22:01,253 - INFO    - keyword:城堡
2021-10-25 01:22:01,255 - INFO    - keyword:娱乐
2021-10-25 01:22:01,256 - INFO    - keyword:讲话
2021-10-25 01:22:01,258 - INFO    - keyword:年轻人
2021-10-25 01:22:01,358 - INFO    - keyword:号码
2021-10-25 01:22:01,359 - INFO    - keyword:前区
2021-10-25 01:22:01,361 - INFO    - keyword:大乐透
2021-10-25 01:22:01,363 - INFO    - keyword:复式
2021-10-25 01:22:01,364 - INFO    - keyword:后区
2021-10-25 01:22:01,366 - INFO    - keyword:奇偶比
2021-10-25 01:22:01,368 - INFO    - keyword:走温
2021-10-25 01:22:01,369 - INFO    - keyword:大号
2021-10-25 01:22:01,377 - INFO    - keyword:奇数
2021-10-25 01:22:01,378 - INFO    - keyword:分析
2021-10-25 01:22:01,397 - INFO    - keyword:研报
2021-10-25 01:22:01,399 - INFO    - keyword:硬核
2021-10-25 01:22:01,400 - INFO    - keyword:稀土
2021-10-25 01:22:01,406 - INFO    - keyword:军工
2021-10-25 01:22:01,408 - INFO    - keyword:净利润
2021-10-25 01:22:01,409 - INFO    - keyword:动见
2021-10-25 01:22:01,411 - INFO    - keyword:信创
2021-10-25 01:22:01,413 - INFO    - keyword:大单
2021-10-25 01:22:01,420 - INFO    - keyword:微控制器
2021-10-25 01:22:01,422 - INFO    - keyword:日讯
